C51 COMPILER V9.59.0.0   APP                                                               04/07/2019 16:03:25 PAGE 1   


C51 COMPILER V9.59.0.0, COMPILATION OF MODULE APP
OBJECT MODULE PLACED IN .\Objects\App.obj
COMPILER INVOKED BY: C:\Keil_v5\C51\BIN\C51.EXE User\App.c OMF2 ROM(COMPACT) OPTIMIZE(8,SPEED) BROWSE INCDIR(.\User;.\Us
                    -er\Drive) DEBUG PRINT(.\Listings\App.lst) TABS(2) OBJECT(.\Objects\App.obj)

line level    source



MODULE INFORMATION:   STATIC OVERLAYABLE
   CODE SIZE        =   ----    ----
   CONSTANT SIZE    =   ----    ----
   XDATA SIZE       =   ----    ----
   PDATA SIZE       =   ----    ----
   DATA SIZE        =   ----    ----
   IDATA SIZE       =   ----    ----
   BIT SIZE         =   ----    ----
   EDATA SIZE       =   ----    ----
   HDATA SIZE       =   ----    ----
   XDATA CONST SIZE =   ----    ----
   FAR CONST SIZE   =   ----    ----
END OF MODULE INFORMATION.


C51 COMPILATION COMPLETE.  0 WARNING(S),  0 ERROR(S)
