C51 COMPILER V9.59.0.0   DISPLAY                                                           04/29/2019 13:46:40 PAGE 1   


C51 COMPILER V9.59.0.0, COMPILATION OF MODULE DISPLAY
OBJECT MODULE PLACED IN .\Objects\DISPLAY.obj
COMPILER INVOKED BY: C:\Keil_v5\C51\BIN\C51.EXE User\DISPLAY.c OMF2 ROM(COMPACT) OPTIMIZE(8,SPEED) BROWSE INCDIR(.\User;
                    -.\User\Drive) DEBUG PRINT(.\Listings\DISPLAY.lst) TABS(2) OBJECT(.\Objects\DISPLAY.obj)

line level    source

   1          #include "DISPLAY.h"
   2          #include "lcd.h"
   3          #include "System.h"
   4          void DisChoice(DisMenu dis)
   5          {
   6   1        switch(dis)
   7   1        {
   8   2          case DisInit:
   9   2          {
  10   3              ShowChar(LCD_DIGITAL_1,  CHAR_C);
  11   3              ShowChar(LCD_DIGITAL_2,  CHAR_H);
  12   3              ShowChar(LCD_DIGITAL_3,  CHAR__);
  13   3        //      ShowChar(LCD_DIGITAL_4,  CHAR_XX);
  14   3          }
  15   2            break;
  16   2          case DisOff:
  17   2          {
  18   3                  ShowChar(LCD_DIGITAL_1,  CHAR_0);
  19   3                  ShowChar(LCD_DIGITAL_2,  CHAR_F);
  20   3                  ShowChar(LCD_DIGITAL_3,  CHAR_F);
  21   3                  ShowChar(LCD_DIGITAL_4,  CHAR_XX);
  22   3          }
  23   2            break;
  24   2          case  DisChelSet:
  25   2          {
  26   3                  ShowChar(LCD_DIGITAL_1,  CHAR_5);
  27   3                  ShowChar(LCD_DIGITAL_2,  CHAR_E);
  28   3                  ShowChar(LCD_DIGITAL_3,  CHAR_7);
  29   3                  ShowChar(LCD_DIGITAL_4,  CHAR_XX);
  30   3                  
  31   3          }
  32   2            break;
  33   2          default :
  34   2            break;
  35   2        }
  36   1      }
  37          
  38          /*初始化显、调度显示*/
  39          void UHFStartDisplay(void)
  40          {
  41   1        static u8 i=0;
  42   1         if (i<10)
  43   1        {
  44   2          switch (i)
  45   2          {
  46   3            case 0:
  47   3            {
  48   4              ShowChar(LCD_DIGITAL_1,CHAR_C);
  49   4              ShowChar(LCD_DIGITAL_2,CHAR_3);
  50   4              ShowChar(LCD_DIGITAL_3,CHAR_0);
  51   4              ShowChar(LCD_DIGITAL_4,CHAR_2);
  52   4            }
  53   3              break;
  54   3            case 2:
C51 COMPILER V9.59.0.0   DISPLAY                                                           04/29/2019 13:46:40 PAGE 2   

  55   3            {
  56   4              ShowChar(LCD_DIGITAL_1,CHAR_XX);
  57   4              ShowChar(LCD_DIGITAL_2,CHAR_XX);
  58   4              ShowChar(LCD_DIGITAL_3,CHAR_XX);
  59   4              ShowChar(LCD_DIGITAL_4,CHAR_U);
  60   4            }
  61   3              break;
  62   3            case 3:
  63   3            {
  64   4              ShowChar(LCD_DIGITAL_1,CHAR_XX);
  65   4              ShowChar(LCD_DIGITAL_2,CHAR_XX);
  66   4              ShowChar(LCD_DIGITAL_3,CHAR_U);
  67   4              ShowChar(LCD_DIGITAL_4,CHAR_XX);
  68   4            }
  69   3              break;
  70   3            case 4:
  71   3            {
  72   4              ShowChar(LCD_DIGITAL_1,CHAR_XX);
  73   4              ShowChar(LCD_DIGITAL_2,CHAR_U);
  74   4              ShowChar(LCD_DIGITAL_3,CHAR_XX);
  75   4              ShowChar(LCD_DIGITAL_4,CHAR_XX);
  76   4            }
  77   3              break;
  78   3            case 5:
  79   3            {
  80   4              ShowChar(LCD_DIGITAL_1,CHAR_U);
  81   4              ShowChar(LCD_DIGITAL_2,CHAR_XX);
  82   4              ShowChar(LCD_DIGITAL_3,CHAR_XX);
  83   4              ShowChar(LCD_DIGITAL_4,CHAR_H);
  84   4            }
  85   3              break;
  86   3            case 6:
  87   3            {
  88   4              ShowChar(LCD_DIGITAL_1,CHAR_U);
  89   4              ShowChar(LCD_DIGITAL_2,CHAR_XX);
  90   4              ShowChar(LCD_DIGITAL_3,CHAR_H);
  91   4              ShowChar(LCD_DIGITAL_4,CHAR_XX);
  92   4            }
  93   3              break;
  94   3            case 7:
  95   3            {
  96   4              ShowChar(LCD_DIGITAL_1,CHAR_U);
  97   4              ShowChar(LCD_DIGITAL_2,CHAR_H);
  98   4              ShowChar(LCD_DIGITAL_3,CHAR_XX);
  99   4              ShowChar(LCD_DIGITAL_4,CHAR_F);
 100   4            }
 101   3              break;
 102   3            case 8:
 103   3            {
 104   4              ShowChar(LCD_DIGITAL_1,CHAR_U);
 105   4              ShowChar(LCD_DIGITAL_2,CHAR_H);
 106   4              ShowChar(LCD_DIGITAL_3,CHAR_F);
 107   4              ShowChar(LCD_DIGITAL_4,CHAR_XX);
 108   4            }
 109   3              break;
 110   3            case 9:
 111   3            {
 112   4              sys.SetState(SYSTEM_PAUSE);
 113   4            }
 114   3              break;
 115   3            default:
 116   3              break;
C51 COMPILER V9.59.0.0   DISPLAY                                                           04/29/2019 13:46:40 PAGE 3   

 117   3          }
 118   2          i++;
 119   2        }
 120   1      
 121   1        
 122   1      }
 123          
 124          


MODULE INFORMATION:   STATIC OVERLAYABLE
   CODE SIZE        =    353    ----
   CONSTANT SIZE    =   ----    ----
   XDATA SIZE       =   ----    ----
   PDATA SIZE       =   ----    ----
   DATA SIZE        =      1    ----
   IDATA SIZE       =   ----    ----
   BIT SIZE         =   ----    ----
   EDATA SIZE       =   ----    ----
   HDATA SIZE       =   ----    ----
   XDATA CONST SIZE =   ----    ----
   FAR CONST SIZE   =   ----    ----
END OF MODULE INFORMATION.


C51 COMPILATION COMPLETE.  0 WARNING(S),  0 ERROR(S)
