C51 COMPILER V9.53.0.0   FLASH                                                             04/15/2020 16:46:41 PAGE 1   


C51 COMPILER V9.53.0.0, COMPILATION OF MODULE FLASH
OBJECT MODULE PLACED IN .\Objects\Flash.obj
COMPILER INVOKED BY: C:\Keil_v5\C51\BIN\C51.EXE User\Drive\Flash.c OMF2 ROM(COMPACT) OPTIMIZE(8,SPEED) BROWSE INCDIR(.\U
                    -ser;.\User\Drive) DEBUG PRINT(.\Listings\Flash.lst) OBJECT(.\Objects\Flash.obj)

line level    source

   1          /*        E2PROM 256 字节
   2          *
   3          *
   4          */ 
   5          #include "Flash.h"
   6          #include "RCC.h"
   7          
   8          
   9          
  10          
  11          void FlashTest(void);
  12          void FlashStart(void);
  13          
  14          void FlashInit(void)
  15          {       
  16   1              FlashCLKDiv = 25;                       //MCLK 4MHz
  17   1      
  18   1       
  19   1      }
  20          
  21          
  22          void FlashTimer1Init(void)
  23          {
  24   1        ET1=0;
  25   1        TR1=0;
  26   1        TH1=0x05;
  27   1        TL1=0x05;
  28   1        ET1=1;
  29   1        TR1=1;
  30   1      }
  31          
  32          
  33          void FlashTimer1Close(void)
  34          {
  35   1        ET1=0;
  36   1        TR1=0;
  37   1        
  38   1              TH1 = 253;      //(256-253)*256/8M = 200us
  39   1              TL1 = 253;      
  40   1        TR1=1;
  41   1        Tim1Init();
  42   1      }
  43          
  44          unsigned char FlashRead(FlashId addId)
  45          {
  46   1        u8 re;
  47   1        u8 add=FLASH_START_ADD+addId;
  48   1        FlashAddrL = add<<1;
  49   1              FlashAddrH = add>>7;
  50   1        FlashCtrl= 0x0b;      //读E2PROM区 
  51   1        re=FlashDataL;
  52   1        return re;
  53   1      }
  54          
C51 COMPILER V9.53.0.0   FLASH                                                             04/15/2020 16:46:41 PAGE 2   

  55          static FlagStatus FlashWriteInside(FlashId addId, u8 value)
  56          {
  57   1        u8 tem;
  58   1        FlagStatus re =SET;
  59   1        u8 add=FLASH_START_ADD+addId;
  60   1      //  ET0 = 0;
  61   1        FlashAddrL = add<<1;
  62   1              FlashAddrH = add>>7; 
  63   1        FlashCtrl= 0x0b;      //读E2PROM区 
  64   1        tem =FlashDataL;
  65   1        if (tem!=value)
  66   1        {
  67   2          FlashAddrL = add<<1;
  68   2          FlashAddrH = add>>7; 
  69   2          FlashDataL = value;
  70   2          FlashTimer1Init();
  71   2          FlashKey = 0xA5;
  72   2          FlashKey = 0xF1;
  73   2          FlashCtrl= 0x09;      //写E2PROM区  
  74   2          FlashTimer1Close();
  75   2          FlashAddrL = add<<1;
  76   2          FlashAddrH = add>>7; 
  77   2          FlashCtrl= 0x0b;      //读E2PROM区 
  78   2          tem=FlashDataL;
  79   2          if (tem!=value)
  80   2            re = RESET;
  81   2        }
  82   1      //  ET0 = 1;
  83   1        return re;
  84   1      }
  85          
  86          FlagStatus FlashWrite(FlashId addId, u8 value)
  87          {
  88   1        u8 i=10;
  89   1        FlagStatus re =RESET;
  90   1        do
  91   1        {
  92   2          re=FlashWriteInside(addId,value);
  93   2        }while(!re && i>0);
  94   1        return re;
  95   1      }
  96          
  97          FlagStatus FlashCheck(void)
  98          {
  99   1        if (FlashRead(FLASH_ID_MASK)==FLASH_MASK && FlashRead(FLASH_ID_MASK1)==FLASH_MASK)
 100   1          return SET;
 101   1        else
 102   1          return RESET;
 103   1      }
 104          


MODULE INFORMATION:   STATIC OVERLAYABLE
   CODE SIZE        =    194    ----
   CONSTANT SIZE    =   ----    ----
   XDATA SIZE       =   ----    ----
   PDATA SIZE       =   ----    ----
   DATA SIZE        =   ----       6
   IDATA SIZE       =   ----    ----
   BIT SIZE         =   ----    ----
   EDATA SIZE       =   ----    ----
   HDATA SIZE       =   ----    ----
C51 COMPILER V9.53.0.0   FLASH                                                             04/15/2020 16:46:41 PAGE 3   

   XDATA CONST SIZE =   ----    ----
   FAR CONST SIZE   =   ----    ----
END OF MODULE INFORMATION.


C51 COMPILATION COMPLETE.  0 WARNING(S),  0 ERROR(S)
