C51 COMPILER V9.59.0.0   GUI                                                               04/12/2019 15:32:14 PAGE 1   


C51 COMPILER V9.59.0.0, COMPILATION OF MODULE GUI
OBJECT MODULE PLACED IN .\Objects\GUI.obj
COMPILER INVOKED BY: C:\Keil_v5\C51\BIN\C51.EXE User\GUI.c OMF2 ROM(COMPACT) OPTIMIZE(8,SPEED) BROWSE INCDIR(.\User;.\Us
                    -er\Drive) DEBUG PRINT(.\Listings\GUI.lst) TABS(2) OBJECT(.\Objects\GUI.obj)

line level    source

   1          //#include "CharMatrix.h"
   2          #include "GUI.h"
   3          #include "lcd.h"
   4          //#include "CharMatrix.h"
   5          
   6          extern u8 xdata lcdBuf[6];
   7          
   8          //void C302InterfaceInit()
   9          //{
  10          //   lcdBuf[4]=lcdBattery[1];
  11          //  ShowIco(LCD_ICON_SIGNAL,SET);
  12          //  ShowChar(LCD_DIGITAL_1,CHAR_C);
  13          //  ShowChar(LCD_DIGITAL_2,CHAR_3);
  14          //  ShowChar(LCD_DIGITAL_3,CHAR_0);
  15          //  ShowChar(LCD_DIGITAL_4,CHAR_2);
  16          //}


MODULE INFORMATION:   STATIC OVERLAYABLE
   CODE SIZE        =   ----    ----
   CONSTANT SIZE    =   ----    ----
   XDATA SIZE       =   ----    ----
   PDATA SIZE       =   ----    ----
   DATA SIZE        =   ----    ----
   IDATA SIZE       =   ----    ----
   BIT SIZE         =   ----    ----
   EDATA SIZE       =   ----    ----
   HDATA SIZE       =   ----    ----
   XDATA CONST SIZE =   ----    ----
   FAR CONST SIZE   =   ----    ----
END OF MODULE INFORMATION.


C51 COMPILATION COMPLETE.  0 WARNING(S),  0 ERROR(S)
