C51 COMPILER V9.56.0.0   I2C                                                               03/23/2019 17:54:01 PAGE 1   


C51 COMPILER V9.56.0.0, COMPILATION OF MODULE I2C
OBJECT MODULE PLACED IN .\Objects\i2c.obj
COMPILER INVOKED BY: C:\Keil_v5\C51\BIN\C51.EXE User\i2c.c OMF2 OPTIMIZE(8,SPEED) BROWSE INCDIR(.\User;.\User\Drive) DEB
                    -UG PRINT(.\Listings\i2c.lst) TABS(2) OBJECT(.\Objects\i2c.obj)

line level    source

   1          /************************INCLUDES ************************/
   2          #include "i2c.h"
   3          #include <intrins.h>
   4          #include "System.h"
   5          /********************CONSTANTS ***************************/
   6          /********************END CONSTANTS ***********************/
   7          
   8          /********************MACROS ******************************/
   9          /********************END MACROS **************************/
  10          
  11          /********************TYPEDEFS ****************************/
  12          #define DEVICE_ADDR_CODEC   0x20
  13          #define DEVICE_ADDR_BIST    0XB6 //7'5B
  14          #define DEVICE_ADDR_OTP     0XA4 //7'52
  15          
  16          #define DEVICE_DSP0_ADDR     0XB0    // KT070x
  17          #define DEVICE_DSP1_ADDR     0XB2    // KT070x 
  18          
  19          
  20          /********************END TYPEDEFS ************************/
  21          
  22          /********************GOLABLE VARIABLES *******************/
  23          bit Ack_Flag = 0;                         // I2C Ack Flag
  24          
  25          sbit SCL  =  P4^1;
  26          sbit SDA  =  P4^2;
  27          /********************END GOLABLE VARIABLES ***************/
  28          
  29          /********************LOCAL FUNCTIONS *********************/
  30          /********************END LOCAL FUNCTIONS *****************/
  31          
  32          /*********************************************************
  33          ** @fn
  34          **
  35          ** @brief
  36          ** 
  37          ** @param   none
  38          **
  39          ** @return  none
  40          */
  41          void I2C_Delay(void )
  42          {
  43   1        u8 i;
  44   1        for(i=0;i<=10;i++)
  45   1          {
  46   2           _nop_();
  47   2          }
  48   1      }
  49          /*****************END ************************************/
  50          
  51          /*********************************************************
  52          ** @fn
  53          **
  54          ** @brief
C51 COMPILER V9.56.0.0   I2C                                                               03/23/2019 17:54:01 PAGE 2   

  55          ** 
  56          ** @param   none
  57          **
  58          ** @return  none
  59          */
  60          void I2C_Start(void)
  61          {
  62   1        I2C_Delay();I2C_Delay();
  63   1        SDA = 1;
  64   1        I2C_Delay();I2C_Delay();
  65   1        SCL = 1;
  66   1        I2C_Delay();I2C_Delay();
  67   1        SDA = 0;
  68   1        I2C_Delay();I2C_Delay();
  69   1        SCL = 0;
  70   1        I2C_Delay();I2C_Delay();
  71   1      }
  72          /*****************END ************************************/
  73          
  74          /*********************************************************
  75          ** @fn
  76          **
  77          ** @brief
  78          ** 
  79          ** @param   none
  80          **
  81          ** @return  none
  82          */
  83          void I2C_Senddata(u8 senddata)
  84          {
  85   1        u8 i;
  86   1        for (i=0;i<8;i++)
  87   1        { 
  88   2         I2C_Delay();
  89   2         if ((senddata & 0x80) != 0x80)
  90   2          SDA = 0;
  91   2         else SDA = 1;
  92   2          senddata = senddata << 1;
  93   2          I2C_Delay();
  94   2          SCL = 1;
  95   2          I2C_Delay();
  96   2          SCL = 0;
  97   2        }
  98   1        I2C_Delay();
  99   1      }
 100          /*****************END ************************************/
 101          
 102          /*********************************************************
 103          ** @fn
 104          **
 105          ** @brief
 106          ** 
 107          ** @param   none
 108          **
 109          ** @return  none
 110          */
 111          u8 I2C_Receivedata(void)
 112          {
 113   1        u8 i,temp,receivedata=0;
 114   1        u16 count=0;
 115   1        for (i=0;i<8;i++)
 116   1        {
C51 COMPILER V9.56.0.0   I2C                                                               03/23/2019 17:54:01 PAGE 3   

 117   2           I2C_Delay();
 118   2           SCL = 1;  
 119   2           do
 120   2           {
 121   3             I2C_Delay();
 122   3             count++;
 123   3           }while((!SCL)&&(count<10000));                   // Wait for KT070x I2C Idle          Add 2018.5.29
 124   2           temp = SDA;
 125   2           SCL = 0;
 126   2           receivedata = receivedata | temp;
 127   2           if (i<7)
 128   2           {
 129   3             receivedata = receivedata << 1;
 130   3           }
 131   2        }
 132   1        I2C_Delay();
 133   1        return(receivedata);  
 134   1      }
 135          /*****************END ************************************/
 136          
 137          
 138          /*********************************************************
 139          ** @fn
 140          **
 141          ** @brief
 142          ** 
 143          ** @param   none
 144          **
 145          ** @return  none
 146          */
 147          void I2C_Ack(void)
 148          {
 149   1        SDA = 1;
 150   1        I2C_Delay();I2C_Delay();
 151   1        SCL = 1;
 152   1        I2C_Delay();
 153   1        Ack_Flag = SDA;
 154   1        SCL = 0;
 155   1        I2C_Delay();I2C_Delay();
 156   1      }
 157          /*****************END ************************************/
 158          
 159          /*********************************************************
 160          ** @fn
 161          **
 162          ** @brief
 163          ** 
 164          ** @param   none
 165          **
 166          ** @return  none
 167          */
 168          void I2C_Master_Ack(void)
 169          {
 170   1        SDA = 0;
 171   1        I2C_Delay();I2C_Delay();
 172   1        SCL = 1;
 173   1        I2C_Delay();I2C_Delay();
 174   1        SCL = 0;
 175   1        I2C_Delay();I2C_Delay();
 176   1        SDA = 1;
 177   1      }
 178          /*****************END ************************************/
C51 COMPILER V9.56.0.0   I2C                                                               03/23/2019 17:54:01 PAGE 4   

 179          
 180          /*********************************************************
 181          ** @fn
 182          **
 183          ** @brief
 184          ** 
 185          ** @param   none
 186          **
 187          ** @return  none
 188          */
 189          void I2C_Master_NoAck(void)
 190          {
 191   1        SDA = 1;
 192   1        I2C_Delay();I2C_Delay();
 193   1        SCL = 1;
 194   1        I2C_Delay();I2C_Delay();
 195   1        SCL = 0;
 196   1        I2C_Delay();I2C_Delay();
 197   1        SDA = 1;
 198   1      }
 199          /*****************END ************************************/
 200          
 201          /*********************************************************
 202          ** @fn
 203          **
 204          ** @brief
 205          ** 
 206          ** @param   none
 207          **
 208          ** @return  none
 209          */
 210          void I2C_Stop(void)
 211          {
 212   1        SCL = 0;
 213   1        I2C_Delay();I2C_Delay();
 214   1        SDA = 0;
 215   1        I2C_Delay();I2C_Delay();
 216   1        SCL = 1;
 217   1        I2C_Delay();I2C_Delay();
 218   1        SDA = 1;
 219   1        I2C_Delay();I2C_Delay();
 220   1      }
 221          /*****************END ************************************/
 222          
 223          /*********************************************************
 224          ** @fn
 225          **
 226          ** @brief
 227          ** 
 228          ** @param   none
 229          **
 230          ** @return  I2C_Bussy
 231          */
 232          void I2C_DW_Bussy_Check(void)
 233          {
 234   1        I2C_Start();
 235   1        I2C_Senddata(DEVICE_DSP0_ADDR);              // 
 236   1        I2C_Ack();
 237   1        if (Ack_Flag == 0)
 238   1        {
 239   2          I2C_Senddata(0);
 240   2          I2C_Ack();
C51 COMPILER V9.56.0.0   I2C                                                               03/23/2019 17:54:01 PAGE 5   

 241   2          if (Ack_Flag == 0)
 242   2          {
 243   3            I2C_Senddata(0);
 244   3            I2C_Ack();
 245   3            if (Ack_Flag == 0)
 246   3            {
 247   4              I2C_Start();
 248   4              I2C_Senddata(DEVICE_DSP0_ADDR|0x01);
 249   4              I2C_Ack();
 250   4              if (Ack_Flag == 0)
 251   4              {
 252   5                I2C_Receivedata();
 253   5                I2C_Master_NoAck();
 254   5                I2C_Stop();
 255   5              }
 256   4              else
 257   4              {
 258   5                I2C_Stop();
 259   5              }
 260   4            }
 261   3            else
 262   3            {
 263   4              I2C_Stop();
 264   4            }
 265   3          }
 266   2          else
 267   2          {
 268   3            I2C_Stop();
 269   3          }     
 270   2        }
 271   1        else
 272   1        {
 273   2          I2C_Stop();
 274   2        }
 275   1      }
 276          /*****************END ************************************/
 277          
 278          /*********************************************************
 279          ** @fn
 280          **
 281          ** @brief
 282          ** 
 283          ** @param   none
 284          **
 285          ** @return  none
 286          */
 287          void I2C_Byte_Write(u8 device_address, u16 reg_add, u8 writedata)
 288          {
 289   1          u8 add_H,add_L;
 290   1          
 291   1          add_H = reg_add>>8;
 292   1          add_L = reg_add & 0x00FF;
 293   1      
 294   1          I2C_Start();
 295   1          I2C_Senddata(device_address & 0xFE);
 296   1          I2C_Ack();
 297   1          if (Ack_Flag == 0)
 298   1          {
 299   2              I2C_Senddata(add_H);
 300   2              I2C_Ack();
 301   2              if (Ack_Flag == 0)
 302   2              {
C51 COMPILER V9.56.0.0   I2C                                                               03/23/2019 17:54:01 PAGE 6   

 303   3                  I2C_Senddata(add_L);
 304   3                  I2C_Ack();
 305   3                  if (Ack_Flag == 0)
 306   3                  {
 307   4                      I2C_Senddata(writedata);
 308   4                      I2C_Ack();
 309   4                  }
 310   3                  else
 311   3                      SCL = 0;
 312   3              }
 313   2              else
 314   2                  SCL = 0;            
 315   2          }
 316   1          else
 317   1              SCL = 0;
 318   1          I2C_Stop();    
 319   1      }
 320          /*****************END ************************************/
 321          
 322          /*********************************************************
 323          ** @fn
 324          **
 325          ** @brief
 326          ** 
 327          ** @param   none
 328          **
 329          ** @return  none
 330          */
 331          u8 I2C_Byte_Read(u8 device_address, u16 reg_add)
 332          {
 333   1          u8 readdata;
 334   1          u8 add_H,add_L;
 335   1          
 336   1          add_H = reg_add>>8;
 337   1          add_L = reg_add & 0x00FF;
 338   1      
 339   1          I2C_Start();
 340   1          I2C_Senddata(device_address & 0xFE);
 341   1          I2C_Ack();
 342   1          if (Ack_Flag == 0)
 343   1          {
 344   2              I2C_Senddata(add_H);
 345   2              I2C_Ack();
 346   2              if (Ack_Flag == 0)
 347   2              {
 348   3                  I2C_Senddata(add_L);
 349   3                  I2C_Ack();
 350   3                  if (Ack_Flag == 0)
 351   3                  {
 352   4                      I2C_Start();
 353   4                      I2C_Senddata(device_address|0x01);
 354   4                      I2C_Ack();
 355   4                      if (Ack_Flag == 0)
 356   4                      {
 357   5                          // SDA pin is high Z
 358   5                          readdata = I2C_Receivedata();
 359   5                          I2C_Ack();
 360   5                      }
 361   4                      else
 362   4                      {
 363   5                          SCL = 0;
 364   5                          return(0x00);
C51 COMPILER V9.56.0.0   I2C                                                               03/23/2019 17:54:01 PAGE 7   

 365   5                      }
 366   4                  }
 367   3                  else
 368   3                  {
 369   4                      SCL = 0;
 370   4                       return(0x00);
 371   4                  }
 372   3              }
 373   2              else
 374   2              {
 375   3                  SCL = 0;
 376   3                   return(0x00);
 377   3              }            
 378   2          }
 379   1          else
 380   1          {
 381   2              SCL = 0;
 382   2              return(0x00);
 383   2          }
 384   1          I2C_Stop();    
 385   1          return(readdata);
 386   1      }
 387          /*****************END ************************************/
 388          
 389          
 390          /*********************************************************
 391          ** @fn
 392          **
 393          ** @brief
 394          ** 
 395          ** @param   none
 396          **
 397          ** @return  none
 398          */
 399           void I2C_WriteReg_DW(u16 Addr, u32 WData)
 400           {
 401   1        u8 addr1, addr0;
 402   1        u8 wdata3, wdata2, wdata1, wdata0;
 403   1         
 404   1        // Check I2C Busy       Add 2019.1.28 for I2C V1E, 注意此处可以用函数I2C_ReadReg_DW()代替.
 405   1        I2C_DW_Bussy_Check();                  
 406   1        
 407   1        addr1 = Addr >> 8;
 408   1        addr0 = Addr >> 0;
 409   1      
 410   1        wdata3 = WData >> 24;
 411   1        wdata2 = WData >> 16;
 412   1        wdata1 = WData >> 8;
 413   1        wdata0 = WData >> 0;
 414   1        
 415   1        I2C_Start();
 416   1        I2C_Senddata(DEVICE_DSP0_ADDR);
 417   1        I2C_Ack();
 418   1        if (Ack_Flag == 0)
 419   1        {
 420   2          I2C_Senddata(addr1);
 421   2          I2C_Ack();
 422   2          if (Ack_Flag == 0)
 423   2          {
 424   3            I2C_Senddata(addr0);
 425   3            I2C_Ack();
 426   3            if (Ack_Flag == 0)
C51 COMPILER V9.56.0.0   I2C                                                               03/23/2019 17:54:01 PAGE 8   

 427   3            {
 428   4              I2C_Senddata(wdata3);
 429   4              I2C_Ack();
 430   4              if (Ack_Flag == 0)
 431   4              {
 432   5                I2C_Senddata(wdata2);
 433   5                I2C_Ack();
 434   5                if (Ack_Flag == 0)
 435   5                {
 436   6                  I2C_Senddata(wdata1);
 437   6                  I2C_Ack();
 438   6                  if (Ack_Flag == 0)
 439   6                  {
 440   7                    I2C_Senddata(wdata0);
 441   7                    I2C_Ack();
 442   7                  }
 443   6                  else
 444   6                    SCL = 0;      
 445   6                }
 446   5                else
 447   5                  SCL = 0;      
 448   5              }
 449   4              else
 450   4                SCL = 0;      
 451   4            }
 452   3            else
 453   3              SCL = 0;          
 454   3          }
 455   2          else
 456   2            SCL = 0;      
 457   2        }
 458   1        else
 459   1          SCL = 0;
 460   1      
 461   1        I2C_Stop();
 462   1       }
 463           /*****************END ************************************/
 464           
 465           /*********************************************************
 466          ** @fn
 467          **
 468          ** @brief
 469          ** 
 470          ** @param   none
 471          **
 472          ** @return  none
 473          */
 474           u32 I2C_ReadReg_DW(u16 Addr)
 475           {
 476   1        u8 addr1, addr0;
 477   1        u8 rdata3, rdata2, rdata1, rdata0;
 478   1        u32 RData;
 479   1        
 480   1        addr1 = Addr >> 8;
 481   1        addr0 = Addr >> 0;
 482   1      
 483   1        I2C_Start();
 484   1        I2C_Senddata(DEVICE_DSP0_ADDR);
 485   1        I2C_Ack();
 486   1        if (Ack_Flag == 0)
 487   1        {
 488   2          I2C_Senddata(addr1);
C51 COMPILER V9.56.0.0   I2C                                                               03/23/2019 17:54:01 PAGE 9   

 489   2          I2C_Ack();
 490   2          if (Ack_Flag == 0)
 491   2          {
 492   3            I2C_Senddata(addr0);
 493   3            I2C_Ack();
 494   3            if (Ack_Flag == 0)
 495   3            {
 496   4              I2C_Start();
 497   4              I2C_Senddata(DEVICE_DSP0_ADDR|0x01);
 498   4              I2C_Ack();
 499   4              if (Ack_Flag == 0)
 500   4              {
 501   5                rdata3 = I2C_Receivedata();
 502   5                I2C_Master_Ack();
 503   5                rdata2 = I2C_Receivedata();
 504   5                I2C_Master_Ack();
 505   5                rdata1 = I2C_Receivedata();
 506   5                I2C_Master_Ack();
 507   5                rdata0 = I2C_Receivedata();
 508   5                I2C_Ack();
 509   5                I2C_Stop();
 510   5                RData = ((u32)rdata3 << 24) | ((u32)rdata2 << 16) | ((u32)rdata1 << 8) | rdata0;
 511   5                return(RData);
 512   5              }
 513   4              else
 514   4              {
 515   5                I2C_Stop();
 516   5                return(0x00);
 517   5              }
 518   4            }
 519   3            else
 520   3            {
 521   4              I2C_Stop();
 522   4              return(0x00);
 523   4            }
 524   3          }
 525   2          else
 526   2          {
 527   3            I2C_Stop();
 528   3            return(0x00);
 529   3          }     
 530   2        }
 531   1        else
 532   1        {
 533   2          I2C_Stop();
 534   2          return(0x00);
 535   2        }
 536   1       }
 537           /*****************END ************************************/
 538          
 539          /***************************** End Of File ************************************/


MODULE INFORMATION:   STATIC OVERLAYABLE
   CODE SIZE        =    806    ----
   CONSTANT SIZE    =   ----    ----
   XDATA SIZE       =   ----    ----
   PDATA SIZE       =   ----    ----
   DATA SIZE        =   ----      11
   IDATA SIZE       =   ----    ----
   BIT SIZE         =      1    ----
   EDATA SIZE       =   ----    ----
C51 COMPILER V9.56.0.0   I2C                                                               03/23/2019 17:54:01 PAGE 10  

   HDATA SIZE       =   ----    ----
   XDATA CONST SIZE =   ----    ----
   FAR CONST SIZE   =   ----    ----
END OF MODULE INFORMATION.


C51 COMPILATION COMPLETE.  0 WARNING(S),  0 ERROR(S)
