C51 COMPILER V9.53.0.0   MAIN                                                              07/14/2020 15:32:52 PAGE 1   


C51 COMPILER V9.53.0.0, COMPILATION OF MODULE MAIN
OBJECT MODULE PLACED IN .\Objects\main.obj
COMPILER INVOKED BY: C:\Keil_v5\C51\BIN\C51.EXE User\main.c OMF2 ROM(COMPACT) OPTIMIZE(8,SPEED) BROWSE INCDIR(.\User;.\U
                    -ser\Drive) DEBUG PRINT(.\Listings\main.lst) OBJECT(.\Objects\main.obj)

line level    source

   1          #include "main.h" 
   2          #include "RCC.h"
   3          #include "System.h" 
   4          #include "OS.h"
   5          #include "KeyBoard.h"
   6          #include "UHF.h"
   7          #include "ADC.h"
   8          #include "Lcd.h"
   9          #include "kt_0646m.h"
  10           
  11          int main(void)
  12          {
  13   1              LVRCON=0x85;         //∑¿À¿ª˙
  14   1              Clr_wag();      
  15   1              MCLKToRCH();             //…Ë÷√æßÃÂ
  16   1              IO_init(); 
  17   1              
  18   1              OSInit();
  19   1              SysInit();  
  20   1              LcdInit();
  21   1              KeyInit();
  22   1              AD_Init(CH7_P30); 
  23   1              CHIP_EN_OUT;
  24   1              CHIP_EN = Enable; 
  25   1              
  26   1              Sdata.stop_time = 5;     
  27   1              SystemTimInit();
  28   1              Tim1Init(); 
  29   1              Extern0_init(); 
  30   1      
  31   1              while(1)
  32   1              {    
  33   2                      OSTaskScan();
  34   2                      SysStaDelay();  
  35   2                      KeyMenu();
  36   2                      
  37   2                      
  38   2      //              EnterStopMode(); 
  39   2              }
  40   1      }


MODULE INFORMATION:   STATIC OVERLAYABLE
   CODE SIZE        =     68    ----
   CONSTANT SIZE    =   ----    ----
   XDATA SIZE       =   ----    ----
   PDATA SIZE       =   ----    ----
   DATA SIZE        =   ----    ----
   IDATA SIZE       =   ----    ----
   BIT SIZE         =   ----    ----
   EDATA SIZE       =   ----    ----
   HDATA SIZE       =   ----    ----
   XDATA CONST SIZE =   ----    ----
   FAR CONST SIZE   =   ----    ----
C51 COMPILER V9.53.0.0   MAIN                                                              07/14/2020 15:32:52 PAGE 2   

END OF MODULE INFORMATION.


C51 COMPILATION COMPLETE.  0 WARNING(S),  0 ERROR(S)
