C51 COMPILER V9.60.0.0   SPECIALDIS                                                        07/11/2019 09:33:02 PAGE 1   


C51 COMPILER V9.60.0.0, COMPILATION OF MODULE SPECIALDIS
OBJECT MODULE PLACED IN .\Objects\specialdis.obj
COMPILER INVOKED BY: C:\Keil_v5\C51\BIN\C51.EXE User\specialdis.c OMF2 ROM(COMPACT) OPTIMIZE(8,SPEED) BROWSE INCDIR(.\Us
                    -er;.\User\Drive) DEBUG PRINT(.\Listings\specialdis.lst) TABS(2) OBJECT(.\Objects\specialdis.obj)

line level    source

   1          #include "specialdis.h"
   2          #include "system.h"
   3          #include "lcd.h"
   4          #include "UHF.h"
   5          SpecialData specialData;
   6           
   7          
   8          void SetSpecialDis(SpecialDisType type,SystemState sta,SystemDelayValue num)
   9          {
  10   1        specialData.time = 0;
  11   1        if(specialData.display != type)
  12   1        {
  13   2          specialData.display = type;
  14   2        }
  15   1        specialData.sys_sta = sta;
  16   1        specialData.value = num;
  17   1        SpecialDis();
  18   1        specialData.time = 0;
  19   1      }
  20          
  21          
  22          void SpecialDis()
  23          {
  24   1          if(specialData.delay>0)
  25   1          {
  26   2            specialData.delay--;
  27   2            switch(specialData.display)
  28   2            {
  29   3              case wait_dis:
  30   3              {
  31   4                if(specialData.delay == 0 && sys.GetState() == SYSTEM_WAIT)
  32   4                {
  33   5                    IdDis();
*** WARNING C206 IN LINE 33 OF User\specialdis.c: 'IdDis': missing function-prototype
  34   5      
  35   5                   SetupFreq();//»Ö¸´ÆµÂÊ
  36   5                   BPSKMode(order1);
  37   5                   sys.SetState(specialData.sys_sta);//·µ»Ø³õÊ¼»¯×´Ì¬
  38   5                    ShowChar(LCD_DIGITAL_1,CHAR_XX);
  39   5                    ShowChar(LCD_DIGITAL_2,CHAR_0);
  40   5                    ShowChar(LCD_DIGITAL_3,CHAR_k);
  41   5                    ShowChar(LCD_DIGITAL_4,CHAR_XX);            
  42   5                }
  43   4                else  sys.SetState(SYSTEM_WAIT);// ½øÈë¿ÕÏÐ×´Ì¬£¬±ÜÃâ°´¼üÎó°´         
  44   4                 if(specialData.time > 4)
  45   4                   specialData.time = 0;
  46   4                 switch(specialData.time)
  47   4                 {
  48   5                   case 0: 
  49   5                   {
  50   6                     ShowChar(LCD_DIGITAL_1,CHAR__);
  51   6                     ShowChar(LCD_DIGITAL_2,CHAR_XX);
  52   6                     ShowChar(LCD_DIGITAL_3,CHAR_XX);
  53   6                     ShowChar(LCD_DIGITAL_4,CHAR_XX);
C51 COMPILER V9.60.0.0   SPECIALDIS                                                        07/11/2019 09:33:02 PAGE 2   

  54   6                   }break;
  55   5                   case 1: 
  56   5                   {
  57   6                      ShowChar(LCD_DIGITAL_1,CHAR__);
  58   6                     ShowChar(LCD_DIGITAL_2,CHAR__);
  59   6                     ShowChar(LCD_DIGITAL_3,CHAR_XX);
  60   6                     ShowChar(LCD_DIGITAL_4,CHAR_XX);
  61   6                   }break;
  62   5                   case 2: 
  63   5                   {
  64   6                      ShowChar(LCD_DIGITAL_1,CHAR__);
  65   6                     ShowChar(LCD_DIGITAL_2,CHAR__);
  66   6                     ShowChar(LCD_DIGITAL_3,CHAR__);
  67   6                     ShowChar(LCD_DIGITAL_4,CHAR_XX);
  68   6                   }break;
  69   5                   case 3: 
  70   5                   {
  71   6                     ShowChar(LCD_DIGITAL_1,CHAR__);
  72   6                     ShowChar(LCD_DIGITAL_2,CHAR__);
  73   6                     ShowChar(LCD_DIGITAL_3,CHAR__);
  74   6                     ShowChar(LCD_DIGITAL_4,CHAR__);
  75   6                   }break;
  76   5                   case 4: 
  77   5                   {
  78   6                    ShowChar(LCD_DIGITAL_1,CHAR_XX);
  79   6                     ShowChar(LCD_DIGITAL_2,CHAR_XX);
  80   6                     ShowChar(LCD_DIGITAL_3,CHAR_XX);
  81   6                     ShowChar(LCD_DIGITAL_4,CHAR_XX);
  82   6                   }break;
  83   5                   default:  
  84   5                     break;
  85   5                 }
  86   4                specialData.time++; 
  87   4              }break; 
  88   3              case set_dis:
  89   3              {
  90   4                   ShowChar(LCD_DIGITAL_1,CHAR_XX);
  91   4                   ShowChar(LCD_DIGITAL_2,CHAR_5);
  92   4                   ShowChar(LCD_DIGITAL_3,CHAR_E);
  93   4                   ShowChar(LCD_DIGITAL_4,CHAR_L);
  94   4                    if(specialData.delay == 0)
  95   4                      {
  96   5                         sys.SetState(specialData.sys_sta); 
  97   5                         sys.SetDelay(specialData.value);
  98   5                         UhfSetDisplay(UHF_DISPLAY_CHANNEL,SYSTEM_DELAY_CHANNEL);
*** WARNING C206 IN LINE 98 OF User\specialdis.c: 'UhfSetDisplay': missing function-prototype
*** ERROR C267 IN LINE 98 OF User\specialdis.c: 'UhfSetDisplay': requires ANSI-style prototype
  99   5                      }
 100   4                 
 101   4              }break;
 102   3              default:
 103   3                break;
 104   3            }
 105   2            
 106   2            
 107   2              
 108   2            
 109   2          }
 110   1         
 111   1      }
 112          
 113          void SetSpecialDelay(u16 i)
C51 COMPILER V9.60.0.0   SPECIALDIS                                                        07/11/2019 09:33:02 PAGE 3   

 114          {
 115   1        specialData.delay = i;
 116   1      }
 117          
 118          
 119          
 120          
 121          
 122          
 123          
 124          
 125          
 126          
 127          
 128          
 129          
 130          
 131          
 132          
 133          
 134          
 135          
 136          
 137          
 138          
 139          
 140          
 141          
 142          
 143          
 144          

C51 COMPILATION COMPLETE.  2 WARNING(S),  1 ERROR(S)
